<?xml version="1.0" encoding="UTF-8"?>
<!-- Generated by org.testng.reporters.JUnitReportReporter -->
<testsuite skipped="0" hostname="DESKTOP-32VMDLN" name="com.erp22_utilities.baseClass" tests="1" failures="0" timestamp="2020-04-08T11:15:05 IST" time="25.711" errors="0">
  <testcase name="openBrowser" time="25.711" classname="com.erp22_utilities.baseClass"/>
  <system-out/>
</testsuite> <!-- com.erp22_utilities.baseClass -->
