<?xml version="1.0" encoding="UTF-8"?>
<!-- Generated by org.testng.reporters.JUnitReportReporter -->
<testsuite skipped="0" hostname="DESKTOP-32VMDLN" name="com.erp22_customer_Scripts.createCustomerTC_001" tests="1" failures="0" timestamp="2020-04-13T15:27:37 IST" time="8.760" errors="0">
  <testcase name="testcreateCustomerTC_001" time="8.760" classname="com.erp22_customer_Scripts.createCustomerTC_001"/>
  <system-out/>
</testsuite> <!-- com.erp22_customer_Scripts.createCustomerTC_001 -->
