<?xml version="1.0" encoding="UTF-8"?>
<!-- Generated by org.testng.reporters.JUnitReportReporter -->
<testsuite skipped="0" hostname="DESKTOP-32VMDLN" name="com.erp22_projects_Scripts.createProject_TC002" tests="1" failures="0" timestamp="2020-04-08T18:20:18 IST" time="8.749" errors="0">
  <testcase name="testcreateproject" time="8.749" classname="com.erp22_projects_Scripts.createProject_TC002"/>
  <system-out/>
</testsuite> <!-- com.erp22_projects_Scripts.createProject_TC002 -->
